<?xml version="1.0" encoding="UTF-8"?>
<coverage generated="1762388499625" clover="3.2.0">
  <project timestamp="1762388499626" name="All files">
    <metrics statements="28" coveredstatements="26" conditionals="6" coveredconditionals="6" methods="2" coveredmethods="2" elements="36" coveredelements="34" complexity="0" loc="28" ncloc="28" packages="3" files="3" classes="3"/>
    <package name="controllers">
      <metrics statements="19" coveredstatements="17" conditionals="6" coveredconditionals="6" methods="2" coveredmethods="2"/>
      <file name="userController.js" path="C:\Users\Admin\Documents\MERN Stack\testing-and-debugging-ensuring-mern-app-reliability-KyUCOMRADE\server\controllers\userController.js">
        <metrics statements="19" coveredstatements="17" conditionals="6" coveredconditionals="6" methods="2" coveredmethods="2"/>
        <line num="1" count="2" type="stmt"/>
        <line num="3" count="2" type="stmt"/>
        <line num="4" count="2" type="stmt"/>
        <line num="5" count="2" type="stmt"/>
        <line num="6" count="2" type="stmt"/>
        <line num="8" count="0" type="stmt"/>
        <line num="12" count="2" type="stmt"/>
        <line num="13" count="5" type="stmt"/>
        <line num="14" count="5" type="stmt"/>
        <line num="16" count="5" type="cond" truecount="4" falsecount="0"/>
        <line num="17" count="1" type="stmt"/>
        <line num="21" count="4" type="stmt"/>
        <line num="22" count="4" type="cond" truecount="2" falsecount="0"/>
        <line num="23" count="1" type="stmt"/>
        <line num="26" count="3" type="stmt"/>
        <line num="27" count="3" type="stmt"/>
        <line num="28" count="3" type="stmt"/>
        <line num="30" count="0" type="stmt"/>
        <line num="34" count="2" type="stmt"/>
      </file>
    </package>
    <package name="models">
      <metrics statements="3" coveredstatements="3" conditionals="0" coveredconditionals="0" methods="0" coveredmethods="0"/>
      <file name="userModel.js" path="C:\Users\Admin\Documents\MERN Stack\testing-and-debugging-ensuring-mern-app-reliability-KyUCOMRADE\server\models\userModel.js">
        <metrics statements="3" coveredstatements="3" conditionals="0" coveredconditionals="0" methods="0" coveredmethods="0"/>
        <line num="1" count="2" type="stmt"/>
        <line num="3" count="2" type="stmt"/>
        <line num="8" count="2" type="stmt"/>
      </file>
    </package>
    <package name="routes">
      <metrics statements="6" coveredstatements="6" conditionals="0" coveredconditionals="0" methods="0" coveredmethods="0"/>
      <file name="userRoutes.js" path="C:\Users\Admin\Documents\MERN Stack\testing-and-debugging-ensuring-mern-app-reliability-KyUCOMRADE\server\routes\userRoutes.js">
        <metrics statements="6" coveredstatements="6" conditionals="0" coveredconditionals="0" methods="0" coveredmethods="0"/>
        <line num="1" count="2" type="stmt"/>
        <line num="2" count="2" type="stmt"/>
        <line num="4" count="2" type="stmt"/>
        <line num="6" count="2" type="stmt"/>
        <line num="7" count="2" type="stmt"/>
        <line num="9" count="2" type="stmt"/>
      </file>
    </package>
  </project>
</coverage>
