{"C:\\Users\\Admin\\Documents\\MERN Stack\\testing-and-debugging-ensuring-mern-app-reliability-KyUCOMRADE\\server\\controllers\\userController.js": {"path":"C:\\Users\\Admin\\Documents\\MERN Stack\\testing-and-debugging-ensuring-mern-app-reliability-KyUCOMRADE\\server\\controllers\\userController.js","statementMap":{"0":{"start":{"line":1,"column":13},"end":{"line":1,"column":43}},"1":{"start":{"line":3,"column":17},"end":{"line":10,"column":1}},"2":{"start":{"line":4,"column":2},"end":{"line":9,"column":3}},"3":{"start":{"line":5,"column":18},"end":{"line":5,"column":37}},"4":{"start":{"line":6,"column":4},"end":{"line":6,"column":39}},"5":{"start":{"line":8,"column":4},"end":{"line":8,"column":23}},"6":{"start":{"line":12,"column":19},"end":{"line":32,"column":1}},"7":{"start":{"line":13,"column":2},"end":{"line":31,"column":3}},"8":{"start":{"line":14,"column":28},"end":{"line":14,"column":36}},"9":{"start":{"line":16,"column":4},"end":{"line":18,"column":5}},"10":{"start":{"line":17,"column":6},"end":{"line":17,"column":78}},"11":{"start":{"line":21,"column":21},"end":{"line":21,"column":50}},"12":{"start":{"line":22,"column":4},"end":{"line":24,"column":5}},"13":{"start":{"line":23,"column":6},"end":{"line":23,"column":71}},"14":{"start":{"line":26,"column":17},"end":{"line":26,"column":42}},"15":{"start":{"line":27,"column":4},"end":{"line":27,"column":22}},"16":{"start":{"line":28,"column":4},"end":{"line":28,"column":38}},"17":{"start":{"line":30,"column":4},"end":{"line":30,"column":23}},"18":{"start":{"line":34,"column":0},"end":{"line":34,"column":42}}},"fnMap":{"0":{"name":"(anonymous_0)","decl":{"start":{"line":3,"column":17},"end":{"line":3,"column":18}},"loc":{"start":{"line":3,"column":43},"end":{"line":10,"column":1}},"line":3},"1":{"name":"(anonymous_1)","decl":{"start":{"line":12,"column":19},"end":{"line":12,"column":20}},"loc":{"start":{"line":12,"column":45},"end":{"line":32,"column":1}},"line":12}},"branchMap":{"0":{"loc":{"start":{"line":16,"column":4},"end":{"line":18,"column":5}},"type":"if","locations":[{"start":{"line":16,"column":4},"end":{"line":18,"column":5}},{"start":{},"end":{}}],"line":16},"1":{"loc":{"start":{"line":16,"column":8},"end":{"line":16,"column":23}},"type":"binary-expr","locations":[{"start":{"line":16,"column":8},"end":{"line":16,"column":13}},{"start":{"line":16,"column":17},"end":{"line":16,"column":23}}],"line":16},"2":{"loc":{"start":{"line":22,"column":4},"end":{"line":24,"column":5}},"type":"if","locations":[{"start":{"line":22,"column":4},"end":{"line":24,"column":5}},{"start":{},"end":{}}],"line":22}},"s":{"0":2,"1":2,"2":2,"3":2,"4":2,"5":0,"6":2,"7":5,"8":5,"9":5,"10":1,"11":4,"12":4,"13":1,"14":3,"15":3,"16":3,"17":0,"18":2},"f":{"0":2,"1":5},"b":{"0":[1,4],"1":[5,5],"2":[1,3]},"_coverageSchema":"1a1c01bbd47fc00a2c39e90264f33305004495a9","hash":"ae9721161c0cbda454b95b8cd8aba97b3c3afbcc"}
,"C:\\Users\\Admin\\Documents\\MERN Stack\\testing-and-debugging-ensuring-mern-app-reliability-KyUCOMRADE\\server\\models\\userModel.js": {"path":"C:\\Users\\Admin\\Documents\\MERN Stack\\testing-and-debugging-ensuring-mern-app-reliability-KyUCOMRADE\\server\\models\\userModel.js","statementMap":{"0":{"start":{"line":1,"column":17},"end":{"line":1,"column":36}},"1":{"start":{"line":3,"column":19},"end":{"line":6,"column":2}},"2":{"start":{"line":8,"column":0},"end":{"line":8,"column":52}}},"fnMap":{},"branchMap":{},"s":{"0":2,"1":2,"2":2},"f":{},"b":{},"_coverageSchema":"1a1c01bbd47fc00a2c39e90264f33305004495a9","hash":"8b6f4d24f7cdce8fd2ea08fe295c4ce343903949"}
,"C:\\Users\\Admin\\Documents\\MERN Stack\\testing-and-debugging-ensuring-mern-app-reliability-KyUCOMRADE\\server\\routes\\userRoutes.js": {"path":"C:\\Users\\Admin\\Documents\\MERN Stack\\testing-and-debugging-ensuring-mern-app-reliability-KyUCOMRADE\\server\\routes\\userRoutes.js","statementMap":{"0":{"start":{"line":1,"column":16},"end":{"line":1,"column":34}},"1":{"start":{"line":2,"column":33},"end":{"line":2,"column":73}},"2":{"start":{"line":4,"column":15},"end":{"line":4,"column":31}},"3":{"start":{"line":6,"column":0},"end":{"line":6,"column":26}},"4":{"start":{"line":7,"column":0},"end":{"line":7,"column":29}},"5":{"start":{"line":9,"column":0},"end":{"line":9,"column":24}}},"fnMap":{},"branchMap":{},"s":{"0":2,"1":2,"2":2,"3":2,"4":2,"5":2},"f":{},"b":{},"_coverageSchema":"1a1c01bbd47fc00a2c39e90264f33305004495a9","hash":"db26cfa0d8a4aadbf9049e7b6afe7ab55f506fed"}
}
